<?xml version="1.0" encoding="UTF-8"?>
<testng-results ignored="0" total="3" passed="3" failed="0" skipped="0">
  <reporter-output>
  </reporter-output>
  <suite started-at="2024-03-15T10:49:21 IST" name="Suite" finished-at="2024-03-15T10:49:21 IST" duration-ms="68">
    <groups>
      <group name="smoke">
        <method signature="payment.COD()[pri:0, instance:eshop.payment@57a3af25]" name="COD" class="eshop.payment"/>
        <method signature="product.wishlst()[pri:0, instance:eshop.product@2b662a77]" name="wishlst" class="eshop.product"/>
        <method signature="user.profile()[pri:0, instance:eshop.user@223d2c72]" name="profile" class="eshop.user"/>
      </group> <!-- smoke -->
    </groups>
    <test started-at="2024-03-15T10:49:21 IST" name="Test1" finished-at="2024-03-15T10:49:21 IST" duration-ms="68">
      <class name="eshop.payment">
        <test-method signature="COD()[pri:0, instance:eshop.payment@57a3af25]" started-at="2024-03-15T10:49:21 IST" name="COD" finished-at="2024-03-15T10:49:21 IST" duration-ms="2" status="PASS">
          <reporter-output>
          </reporter-output>
        </test-method> <!-- COD -->
      </class> <!-- eshop.payment -->
      <class name="eshop.user">
        <test-method signature="profile()[pri:0, instance:eshop.user@223d2c72]" started-at="2024-03-15T10:49:21 IST" name="profile" finished-at="2024-03-15T10:49:21 IST" duration-ms="11" status="PASS">
          <reporter-output>
          </reporter-output>
        </test-method> <!-- profile -->
      </class> <!-- eshop.user -->
      <class name="eshop.product">
        <test-method signature="wishlst()[pri:0, instance:eshop.product@2b662a77]" started-at="2024-03-15T10:49:21 IST" name="wishlst" finished-at="2024-03-15T10:49:21 IST" duration-ms="1" status="PASS">
          <reporter-output>
          </reporter-output>
        </test-method> <!-- wishlst -->
      </class> <!-- eshop.product -->
    </test> <!-- Test1 -->
  </suite> <!-- Suite -->
</testng-results>
