<?xml version="1.0" encoding="UTF-8"?>
<!-- Generated by org.testng.reporters.JUnitXMLReporter -->
<testsuite ignored="9" hostname="DESKTOP-S4VQME9" failures="0" tests="5" name="Test" time="0.077" errors="0" timestamp="2024-03-15T10:48:43 IST">
  <testcase classname="eshop.user" name="login" time="0.009"/>
  <testcase classname="eshop.payment" name="creditCard" time="0.001"/>
  <testcase classname="eshop.product" name="addtocart" time="0.003"/>
  <testcase classname="eshop.product" name="searchProduct" time="0.002"/>
  <testcase classname="eshop.product" name="selectProdcut" time="0.003"/>
  <testcase classname="eshop.payment" name="COD" time="0.0">
    <ignored/>
  </testcase> <!-- COD -->
  <testcase classname="eshop.user" name="createAcconnt" time="0.0">
    <ignored/>
  </testcase> <!-- createAcconnt -->
  <testcase classname="eshop.user" name="logout" time="0.0">
    <ignored/>
  </testcase> <!-- logout -->
  <testcase classname="eshop.user" name="profile" time="0.0">
    <ignored/>
  </testcase> <!-- profile -->
  <testcase classname="eshop.product" name="wishlst" time="0.0">
    <ignored/>
  </testcase> <!-- wishlst -->
  <testcase classname="eshop.payment" name="debitCard" time="0.0">
    <ignored/>
  </testcase> <!-- debitCard -->
  <testcase classname="eshop.product" name="cartManage" time="0.0">
    <ignored/>
  </testcase> <!-- cartManage -->
  <testcase classname="eshop.payment" name="UPI" time="0.0">
    <ignored/>
  </testcase> <!-- UPI -->
  <testcase classname="eshop.user" name="changePassword" time="0.0">
    <ignored/>
  </testcase> <!-- changePassword -->
</testsuite> <!-- Test -->
