<?xml version="1.0" encoding="UTF-8"?>
<!-- Generated by org.testng.reporters.JUnitXMLReporter -->
<testsuite ignored="0" hostname="DESKTOP-S4VQME9" failures="1" tests="1" name="Test" time="2.431" errors="0" timestamp="2024-03-20T10:37:31 IST">
  <testcase classname="listener.FB" name="titleCheck" time="2.283">
    <failure type="java.lang.AssertionError" message="expected [FB] but found [Facebook – log in or sign up]">
      <![CDATA[java.lang.AssertionError: expected [FB] but found [Facebook – log in or sign up]
at listener.FB.titleCheck(FB.java:19)
at java.base/java.util.ArrayList.forEach(ArrayList.java:1511)
... Removed 31 stack frames]]>
    </failure>
  </testcase> <!-- titleCheck -->
</testsuite> <!-- Test -->
